<?xml version="1.0" encoding="UTF-8"?>
<!-- Generated by org.testng.reporters.JUnitReportReporter -->
<testsuite hostname="DESKTOP-N2T4CKF" failures="0" tests="1" name="uhc.tdd.homepageTest.HomepageTest" time="4.616" errors="0" timestamp="2023-01-29T22:49:00 EST" skipped="0">
  <testcase classname="uhc.tdd.homepageTest.HomepageTest" name="homepagetest" time="4.616"/>
  <system-out/>
</testsuite> <!-- uhc.tdd.homepageTest.HomepageTest -->
