<?xml version="1.0" encoding="UTF-8"?>
<!-- Generated by org.testng.reporters.JUnitReportReporter -->
<testsuite hostname="DESKTOP-N2T4CKF" failures="0" tests="2" name="uhc.tdd.practice.Defaultvalue" time="0.005" errors="0" timestamp="2023-01-25T23:39:10 EST" skipped="1">
  <testcase classname="uhc.tdd.practice.Defaultvalue" name="parselongValidation" time="0.005"/>
  <system-out/>
  <testcase classname="uhc.tdd.practice.Defaultvalue" name="defaultValueTesting">
    <skipped/>
  </testcase> <!-- defaultValueTesting -->
  <system-out/>
</testsuite> <!-- uhc.tdd.practice.Defaultvalue -->
